[    0.000000] Initializing cgroup subsys cpuset
[    0.000000] Initializing cgroup subsys cpu
[    0.000000] Initializing cgroup subsys cpuacct
[    0.000000] Linux version 4.4.0-170-generic (buildd@lcy01-amd64-019) (gcc version 5.4.0 20160609 (Ubuntu 5.4.0-6ubuntu1~16.04.12) ) #199-Ubuntu SMP Thu Nov 14 01:45:04 UTC 2019 (Ubuntu 4.4.0-170.199-generic 4.4.200)
[    0.000000] Command line: BOOT_IMAGE=/boot/vmlinuz-4.4.0-170-generic root=LABEL=cloudimg-rootfs ro console=tty1 console=ttyS0
[    0.000000] KERNEL supported cpus:
[    0.000000]   Intel GenuineIntel
[    0.000000]   AMD AuthenticAMD
[    0.000000]   Centaur CentaurHauls
[    0.000000] x86/fpu: xstate_offset[2]:  576, xstate_sizes[2]:  256
[    0.000000] x86/fpu: Supporting XSAVE feature 0x01: 'x87 floating point registers'
[    0.000000] x86/fpu: Supporting XSAVE feature 0x02: 'SSE registers'
[    0.000000] x86/fpu: Supporting XSAVE feature 0x04: 'AVX registers'
[    0.000000] x86/fpu: Enabled xstate features 0x7, context size is 832 bytes, using 'standard' format.
[    0.000000] e820: BIOS-provided physical RAM map:
[    0.000000] BIOS-e820: [mem 0x0000000000000000-0x000000000009fbff] usable
[    0.000000] BIOS-e820: [mem 0x000000000009fc00-0x000000000009ffff] reserved
[    0.000000] BIOS-e820: [mem 0x00000000000f0000-0x00000000000fffff] reserved
[    0.000000] BIOS-e820: [mem 0x0000000000100000-0x000000003ffeffff] usable
[    0.000000] BIOS-e820: [mem 0x000000003fff0000-0x000000003fffffff] ACPI data
[    0.000000] BIOS-e820: [mem 0x00000000fec00000-0x00000000fec00fff] reserved
[    0.000000] BIOS-e820: [mem 0x00000000fee00000-0x00000000fee00fff] reserved
[    0.000000] BIOS-e820: [mem 0x00000000fffc0000-0x00000000ffffffff] reserved
[    0.000000] NX (Execute Disable) protection: active
[    0.000000] SMBIOS 2.5 present.
[    0.000000] Hypervisor detected: KVM
[    0.000000] Kernel/User page tables isolation: disabled
[    0.000000] e820: last_pfn = 0x3fff0 max_arch_pfn = 0x400000000
[    0.000000] MTRR: Disabled
[    0.000000] x86/PAT: MTRRs disabled, skipping PAT initialization too.
[    0.000000] CPU MTRRs all blank - virtualized system.
[    0.000000] x86/PAT: Configuration [0-7]: WB  WT  UC- UC  WB  WT  UC- UC  
[    0.000000] found SMP MP-table at [mem 0x0009fff0-0x0009ffff] mapped at [ffff88000009fff0]
[    0.000000] Scanning 1 areas for low memory corruption
[    0.000000] RAMDISK: [mem 0x362fa000-0x37174fff]
[    0.000000] ACPI: Early table checksum verification disabled
[    0.000000] ACPI: RSDP 0x00000000000E0000 000024 (v02 VBOX  )
[    0.000000] ACPI: XSDT 0x000000003FFF0030 00003C (v01 VBOX   VBOXXSDT 00000001 ASL  00000061)
[    0.000000] ACPI: FACP 0x000000003FFF00F0 0000F4 (v04 VBOX   VBOXFACP 00000001 ASL  00000061)
[    0.000000] ACPI: DSDT 0x000000003FFF0470 0022EA (v02 VBOX   VBOXBIOS 00000002 INTL 20100528)
[    0.000000] ACPI: FACS 0x000000003FFF0200 000040
[    0.000000] ACPI: FACS 0x000000003FFF0200 000040
[    0.000000] ACPI: APIC 0x000000003FFF0240 00005C (v02 VBOX   VBOXAPIC 00000001 ASL  00000061)
[    0.000000] ACPI: SSDT 0x000000003FFF02A0 0001CC (v01 VBOX   VBOXCPUT 00000002 INTL 20100528)
[    0.000000] No NUMA configuration found
[    0.000000] Faking a node at [mem 0x0000000000000000-0x000000003ffeffff]
[    0.000000] NODE_DATA(0) allocated [mem 0x3ffeb000-0x3ffeffff]
[    0.000000] kvm-clock: Using msrs 4b564d01 and 4b564d00
[    0.000000] kvm-clock: cpu 0, msr 0:3ffe3001, primary cpu clock
[    0.000000] kvm-clock: using sched offset of 3533904420 cycles
[    0.000000] clocksource: kvm-clock: mask: 0xffffffffffffffff max_cycles: 0x1cd42e4dffb, max_idle_ns: 881590591483 ns
[    0.000000] Zone ranges:
[    0.000000]   DMA      [mem 0x0000000000001000-0x0000000000ffffff]
[    0.000000]   DMA32    [mem 0x0000000001000000-0x000000003ffeffff]
[    0.000000]   Normal   empty
[    0.000000]   Device   empty
[    0.000000] Movable zone start for each node
[    0.000000] Early memory node ranges
[    0.000000]   node   0: [mem 0x0000000000001000-0x000000000009efff]
[    0.000000]   node   0: [mem 0x0000000000100000-0x000000003ffeffff]
[    0.000000] Initmem setup node 0 [mem 0x0000000000001000-0x000000003ffeffff]
[    0.000000] ACPI: PM-Timer IO Port: 0x4008
[    0.000000] IOAPIC[0]: apic_id 2, version 32, address 0xfec00000, GSI 0-23
[    0.000000] ACPI: INT_SRC_OVR (bus 0 bus_irq 0 global_irq 2 dfl dfl)
[    0.000000] ACPI: INT_SRC_OVR (bus 0 bus_irq 9 global_irq 9 low level)
[    0.000000] Using ACPI (MADT) for SMP configuration information
[    0.000000] smpboot: Allowing 2 CPUs, 0 hotplug CPUs
[    0.000000] PM: Registered nosave memory: [mem 0x00000000-0x00000fff]
[    0.000000] PM: Registered nosave memory: [mem 0x0009f000-0x0009ffff]
[    0.000000] PM: Registered nosave memory: [mem 0x000a0000-0x000effff]
[    0.000000] PM: Registered nosave memory: [mem 0x000f0000-0x000fffff]
[    0.000000] e820: [mem 0x40000000-0xfebfffff] available for PCI devices
[    0.000000] Booting paravirtualized kernel on KVM
[    0.000000] clocksource: refined-jiffies: mask: 0xffffffff max_cycles: 0xffffffff, max_idle_ns: 7645519600211568 ns
[    0.000000] setup_percpu: NR_CPUS:512 nr_cpumask_bits:512 nr_cpu_ids:2 nr_node_ids:1
[    0.000000] PERCPU: Embedded 33 pages/cpu @ffff88003fc00000 s95448 r8192 d31528 u1048576
[    0.000000] Built 1 zonelists in Node order, mobility grouping on.  Total pages: 257912
[    0.000000] Policy zone: DMA32
[    0.000000] Kernel command line: BOOT_IMAGE=/boot/vmlinuz-4.4.0-170-generic root=LABEL=cloudimg-rootfs ro console=tty1 console=ttyS0
[    0.000000] PID hash table entries: 4096 (order: 3, 32768 bytes)
[    0.000000] Memory: 997728K/1048120K available (8626K kernel code, 1336K rwdata, 4036K rodata, 1488K init, 1288K bss, 50392K reserved, 0K cma-reserved)
[    0.000000] SLUB: HWalign=64, Order=0-3, MinObjects=0, CPUs=2, Nodes=1
[    0.000000] Hierarchical RCU implementation.
[    0.000000] 	Build-time adjustment of leaf fanout to 64.
[    0.000000] 	RCU restricting CPUs from NR_CPUS=512 to nr_cpu_ids=2.
[    0.000000] RCU: Adjusting geometry for rcu_fanout_leaf=64, nr_cpu_ids=2
[    0.000000] NR_IRQS:33024 nr_irqs:440 16
[    0.000000] Console: colour VGA+ 80x25
[    0.000000] console [tty1] enabled
[    0.000000] console [ttyS0] enabled
[    0.000000] tsc: Detected 1992.001 MHz processor
[    0.111484] Calibrating delay loop (skipped) preset value.. 3984.00 BogoMIPS (lpj=7968004)
[    0.112821] pid_max: default: 32768 minimum: 301
[    0.113501] ACPI: Core revision 20150930
[    0.114738] ACPI: 2 ACPI AML tables successfully acquired and loaded
[    0.115897] Security Framework initialized
[    0.116545] Yama: becoming mindful.
[    0.117371] AppArmor: AppArmor initialized
[    0.118114] Dentry cache hash table entries: 131072 (order: 8, 1048576 bytes)
[    0.119192] Inode-cache hash table entries: 65536 (order: 7, 524288 bytes)
[    0.122411] Mount-cache hash table entries: 2048 (order: 2, 16384 bytes)
[    0.123325] Mountpoint-cache hash table entries: 2048 (order: 2, 16384 bytes)
[    0.124399] Initializing cgroup subsys io
[    0.125026] Initializing cgroup subsys memory
[    0.125686] Initializing cgroup subsys devices
[    0.126453] Initializing cgroup subsys freezer
[    0.127113] Initializing cgroup subsys net_cls
[    0.127789] Initializing cgroup subsys perf_event
[    0.128483] Initializing cgroup subsys net_prio
[    0.129211] Initializing cgroup subsys hugetlb
[    0.129974] Initializing cgroup subsys pids
[    0.131723] mce: CPU supports 0 MCE banks
[    0.132397] Last level iTLB entries: 4KB 64, 2MB 8, 4MB 8
[    0.133161] Last level dTLB entries: 4KB 64, 2MB 0, 4MB 0, 1GB 4
[    0.133979] Spectre V1 : Mitigation: usercopy/swapgs barriers and __user pointer sanitization
[    0.135252] Spectre V2 : Mitigation: Enhanced IBRS
[    0.135947] Spectre V2 : Spectre v2 / SpectreRSB mitigation: Filling RSB on context switch
[    0.137257] Speculative Store Bypass: Vulnerable
[    0.139910] Freeing SMP alternatives memory: 36K
[    0.145141] ftrace: allocating 32302 entries in 127 pages
[    0.180256] smpboot: APIC(0) Converting physical 0 to logical package 0
[    0.181135] smpboot: Max logical packages: 1
[    0.181935] x2apic enabled
[    0.182570] Switched APIC routing to physical x2apic.
[    0.184179] ..TIMER: vector=0x30 apic1=0 pin1=2 apic2=-1 pin2=-1
[    0.293111] smpboot: CPU0: Intel(R) Core(TM) i7-8565U CPU @ 1.80GHz (family: 0x6, model: 0x8e, stepping: 0xc)
[    0.294747] Performance Events: unsupported p6 CPU model 142 no PMU driver, software events only.
[    0.304064] KVM setup paravirtual spinlock
[    0.305204] x86: Booting SMP configuration:
[    0.305888] .... node  #0, CPUs:      #1
[    0.306656] kvm-clock: cpu 1, msr 0:3ffe3041, secondary cpu clock
[    0.308426] mce: CPU supports 0 MCE banks
[    0.310983] x86: Booted up 1 node, 2 CPUs
[    0.311732] smpboot: Total of 2 processors activated (7968.00 BogoMIPS)
[    0.312975] devtmpfs: initialized
[    0.314881] evm: security.selinux
[    0.315521] evm: security.SMACK64
[    0.316099] evm: security.SMACK64EXEC
[    0.316678] evm: security.SMACK64TRANSMUTE
[    0.317340] evm: security.SMACK64MMAP
[    0.317949] evm: security.ima
[    0.318455] evm: security.capability
[    0.319332] clocksource: jiffies: mask: 0xffffffff max_cycles: 0xffffffff, max_idle_ns: 7645041785100000 ns
[    0.320785] futex hash table entries: 512 (order: 3, 32768 bytes)
[    0.321724] pinctrl core: initialized pinctrl subsystem
[    0.322602] RTC time:  9:39:24, date: 01/21/20
[    0.325948] NET: Registered protocol family 16
[    0.337913] cpuidle: using governor ladder
[    0.352191] cpuidle: using governor menu
[    0.352971] PCCT header not found.
[    0.353560] ACPI: bus type PCI registered
[    0.354190] acpiphp: ACPI Hot Plug PCI Controller Driver version: 0.5
[    0.355125] PCI: Using configuration type 1 for base access
[    0.366224] ACPI: Added _OSI(Module Device)
[    0.366919] ACPI: Added _OSI(Processor Device)
[    0.367635] ACPI: Added _OSI(3.0 _SCP Extensions)
[    0.368351] ACPI: Added _OSI(Processor Aggregator Device)
[    0.369615] ACPI: Executed 1 blocks of module-level executable AML code
[    0.371940] ACPI: Interpreter enabled
[    0.372609] ACPI: (supports S0 S5)
[    0.373201] ACPI: Using IOAPIC for interrupt routing
[    0.374041] PCI: Using host bridge windows from ACPI; if necessary, use "pci=nocrs" and report a bug
[    0.377965] ACPI: PCI Root Bridge [PCI0] (domain 0000 [bus 00-ff])
[    0.378843] acpi PNP0A03:00: _OSC: OS supports [ASPM ClockPM Segments MSI]
[    0.380070] acpi PNP0A03:00: _OSC: not requesting OS control; OS requires [ExtendedConfig ASPM ClockPM MSI]
[    0.381417] acpi PNP0A03:00: fail to add MMCONFIG information, can't access extended PCI configuration space under this bridge.
[    0.383127] PCI host bridge to bus 0000:00
[    0.383917] pci_bus 0000:00: root bus resource [io  0x0000-0x0cf7 window]
[    0.384804] pci_bus 0000:00: root bus resource [io  0x0d00-0xffff window]
[    0.385776] pci_bus 0000:00: root bus resource [mem 0x000a0000-0x000bffff window]
[    0.386950] pci_bus 0000:00: root bus resource [mem 0x40000000-0xfdffffff window]
[    0.388173] pci_bus 0000:00: root bus resource [bus 00-ff]
[    0.390070] pci 0000:00:01.1: legacy IDE quirk: reg 0x10: [io  0x01f0-0x01f7]
[    0.391002] pci 0000:00:01.1: legacy IDE quirk: reg 0x14: [io  0x03f6]
[    0.391960] pci 0000:00:01.1: legacy IDE quirk: reg 0x18: [io  0x0170-0x0177]
[    0.392909] pci 0000:00:01.1: legacy IDE quirk: reg 0x1c: [io  0x0376]
[    0.404563] pci 0000:00:07.0: quirk: [io  0x4000-0x403f] claimed by PIIX4 ACPI
[    0.412623] pci 0000:00:07.0: quirk: [io  0x4100-0x410f] claimed by PIIX4 SMB
[    0.416939] ACPI: PCI Interrupt Link [LNKA] (IRQs 5 9 10 *11)
[    0.418492] ACPI: PCI Interrupt Link [LNKB] (IRQs 5 9 *10 11)
[    0.419856] ACPI: PCI Interrupt Link [LNKC] (IRQs 5 *9 10 11)
[    0.421303] ACPI: PCI Interrupt Link [LNKD] (IRQs 5 9 10 *11)
[    0.422592] ACPI: Enabled 2 GPEs in block 00 to 07
[    0.423643] vgaarb: setting as boot device: PCI:0000:00:02.0
[    0.424643] vgaarb: device added: PCI:0000:00:02.0,decodes=io+mem,owns=io+mem,locks=none
[    0.425761] vgaarb: loaded
[    0.426274] vgaarb: bridge control possible 0000:00:02.0
[    0.427151] SCSI subsystem initialized
[    0.427826] ACPI: bus type USB registered
[    0.428458] usbcore: registered new interface driver usbfs
[    0.429211] usbcore: registered new interface driver hub
[    0.429907] usbcore: registered new device driver usb
[    0.430855] PCI: Using ACPI for IRQ routing
[    0.431689] NetLabel: Initializing
[    0.432240] NetLabel:  domain hash size = 128
[    0.432818] NetLabel:  protocols = UNLABELED CIPSOv4
[    0.433584] NetLabel:  unlabeled traffic allowed by default
[    0.434483] amd_nb: Cannot enumerate AMD northbridges
[    0.435260] clocksource: Switched to clocksource kvm-clock
[    0.444058] AppArmor: AppArmor Filesystem Enabled
[    0.444814] pnp: PnP ACPI init
[    0.445834] pnp: PnP ACPI: found 3 devices
[    0.454655] clocksource: acpi_pm: mask: 0xffffff max_cycles: 0xffffff, max_idle_ns: 2085701024 ns
[    0.455991] NET: Registered protocol family 2
[    0.456779] TCP established hash table entries: 8192 (order: 4, 65536 bytes)
[    0.457751] TCP bind hash table entries: 8192 (order: 5, 131072 bytes)
[    0.458695] TCP: Hash tables configured (established 8192 bind 8192)
[    0.459540] UDP hash table entries: 512 (order: 2, 16384 bytes)
[    0.460298] UDP-Lite hash table entries: 512 (order: 2, 16384 bytes)
[    0.461107] NET: Registered protocol family 1
[    0.461768] pci 0000:00:00.0: Limiting direct PCI/PCI transfers
[    0.462568] pci 0000:00:01.0: Activating ISA DMA hang workarounds
[    0.465466] Unpacking initramfs...
[    0.659508] Freeing initrd memory: 14828K
[    0.660342] clocksource: tsc: mask: 0xffffffffffffffff max_cycles: 0x396d54029a7, max_idle_ns: 881590429682 ns
[    0.661787] platform rtc_cmos: registered platform RTC device (no PNP device found)
[    0.662971] Scanning for low memory corruption every 60 seconds
[    0.664266] audit: initializing netlink subsys (disabled)
[    0.665042] audit: type=2000 audit(1579599569.965:1): initialized
[    0.666115] Initialise system trusted keyring
[    0.666912] HugeTLB registered 2 MB page size, pre-allocated 0 pages
[    0.668754] zbud: loaded
[    0.669377] VFS: Disk quotas dquot_6.6.0
[    0.669997] VFS: Dquot-cache hash table entries: 512 (order 0, 4096 bytes)
[    0.671067] squashfs: version 4.0 (2009/01/31) Phillip Lougher
[    0.672204] fuse init (API version 7.23)
[    0.672934] Key type big_key registered
[    0.673612] Allocating IMA MOK and blacklist keyrings.
[    0.677599] Key type asymmetric registered
[    0.678343] Asymmetric key parser 'x509' registered
[    0.679070] Block layer SCSI generic (bsg) driver version 0.4 loaded (major 249)
[    0.680418] io scheduler noop registered
[    0.681047] io scheduler deadline registered (default)
[    0.681786] io scheduler cfq registered
[    0.682563] pci_hotplug: PCI Hot Plug PCI Core version: 0.5
[    0.683401] pciehp: PCI Express Hot Plug Controller Driver version: 0.4
[    0.684472] ACPI: AC Adapter [AC] (on-line)
[    0.685133] input: Power Button as /devices/LNXSYSTM:00/LNXPWRBN:00/input/input0
[    0.686204] ACPI: Power Button [PWRF]
[    0.686818] input: Sleep Button as /devices/LNXSYSTM:00/LNXSLPBN:00/input/input1
[    0.688026] ACPI: Sleep Button [SLPF]
[    0.688736] GHES: HEST is not enabled!
[    0.689270] ACPI: Battery Slot [BAT0] (battery present)
[    0.690349] Serial: 8250/16550 driver, 32 ports, IRQ sharing enabled
[    0.711535] 00:02: ttyS0 at I/O 0x3f8 (irq = 4, base_baud = 115200) is a 16550A
[    0.714957] Linux agpgart interface v0.103
[    0.716824] loop: module loaded
[    0.717697] scsi host0: ata_piix
[    0.718328] scsi host1: ata_piix
[    0.718896] ata1: PATA max UDMA/33 cmd 0x1f0 ctl 0x3f6 bmdma 0xd000 irq 14
[    0.719903] ata2: PATA max UDMA/33 cmd 0x170 ctl 0x376 bmdma 0xd008 irq 15
[    0.721122] libphy: Fixed MDIO Bus: probed
[    0.721879] tun: Universal TUN/TAP device driver, 1.6
[    0.722615] tun: (C) 1999-2004 Max Krasnyansky <maxk@qualcomm.com>
[    0.723567] PPP generic driver version 2.4.2
[    0.724281] ehci_hcd: USB 2.0 'Enhanced' Host Controller (EHCI) Driver
[    0.725184] ehci-pci: EHCI PCI platform driver
[    0.725842] ehci-platform: EHCI generic platform driver
[    0.726604] ohci_hcd: USB 1.1 'Open' Host Controller (OHCI) Driver
[    0.727574] ohci-pci: OHCI PCI platform driver
[    0.728257] ohci-platform: OHCI generic platform driver
[    0.728992] uhci_hcd: USB Universal Host Controller Interface driver
[    0.729869] i8042: PNP: PS/2 Controller [PNP0303:PS2K,PNP0f03:PS2M] at 0x60,0x64 irq 1,12
[    0.731719] serio: i8042 KBD port at 0x60,0x64 irq 1
[    0.732447] serio: i8042 AUX port at 0x60,0x64 irq 12
[    0.733446] mousedev: PS/2 mouse device common for all mice
[    0.734638] input: AT Translated Set 2 keyboard as /devices/platform/i8042/serio0/input/input2
[    0.736275] rtc_cmos rtc_cmos: rtc core: registered rtc_cmos as rtc0
[    0.737258] rtc_cmos rtc_cmos: alarms up to one day, 114 bytes nvram
[    0.738214] i2c /dev entries driver
[    0.738820] device-mapper: uevent: version 1.0.3
[    0.739571] device-mapper: ioctl: 4.34.0-ioctl (2015-10-28) initialised: dm-devel@redhat.com
[    0.740809] ledtrig-cpu: registered to indicate activity on CPUs
[    0.741926] NET: Registered protocol family 10
[    0.742776] NET: Registered protocol family 17
[    0.743440] Key type dns_resolver registered
[    0.744390] registered taskstats version 1
[    0.745091] Loading compiled-in X.509 certificates
[    0.746251] Loaded X.509 cert 'Build time autogenerated kernel key: f0e56e97f406068ace47a9bf54316e9855aaaa43'
[    0.747665] zswap: loaded using pool lzo/zbud
[    0.749613] Key type trusted registered
[    0.752008] Key type encrypted registered
[    0.752711] AppArmor: AppArmor sha1 policy hashing enabled
[    0.753497] ima: No TPM chip found, activating TPM-bypass!
[    0.754293] ima: Allocated hash algorithm: sha1
[    0.754968] evm: HMAC attrs: 0x1
[    0.755945]   Magic number: 4:632:677
[    0.756643] rtc_cmos rtc_cmos: setting system clock to 2020-01-21 09:39:25 UTC (1579599565)
[    0.757972] BIOS EDD facility v0.16 2004-Jun-25, 0 devices found
[    0.758802] EDD information not available.
[    0.877376] Freeing unused kernel memory: 1488K
[    0.878100] Write protecting the kernel read-only data: 14336k
[    0.879306] Freeing unused kernel memory: 1604K
[    0.880165] Freeing unused kernel memory: 60K
Loading, please wait...
starting version 229
[    0.890600] random: systemd-udevd: uninitialized urandom read (16 bytes read, 1 bits of entropy available)
[    0.891098] random: udevadm: uninitialized urandom read (16 bytes read, 1 bits of entropy available)
[    0.891111] random: udevadm: uninitialized urandom read (16 bytes read, 1 bits of entropy available)
[    0.895399] random: systemd-udevd: uninitialized urandom read (16 bytes read, 1 bits of entropy available)
[    0.896109] random: udevadm: uninitialized urandom read (16 bytes read, 1 bits of entropy available)
[    0.896136] random: udevadm: uninitialized urandom read (16 bytes read, 1 bits of entropy available)
[    0.896233] random: udevadm: uninitialized urandom read (16 bytes read, 1 bits of entropy available)
[    0.896268] random: udevadm: uninitialized urandom read (16 bytes read, 1 bits of entropy available)
[    0.896297] random: udevadm: uninitialized urandom read (16 bytes read, 1 bits of entropy available)
[    0.896326] random: udevadm: uninitialized urandom read (16 bytes read, 1 bits of entropy available)
[    0.922947] e1000: Intel(R) PRO/1000 Network Driver - version 7.3.21-k8-NAPI
[    0.924088] e1000: Copyright (c) 1999-2006 Intel Corporation.
[    0.926566] Fusion MPT base driver 3.04.20
[    0.927263] Copyright (c) 1999-2008 LSI Corporation
[    0.932086] Fusion MPT SPI Host driver 3.04.20
[    0.941628] AVX2 version of gcm_enc/dec engaged.
[    0.942312] AES CTR mode by8 optimization enabled
[    1.150932] input: ImExPS/2 Generic Explorer Mouse as /devices/platform/i8042/serio1/input/input4
[    1.271341] e1000 0000:00:03.0 eth0: (PCI:33MHz:32-bit) 02:dd:45:a7:5d:a0
[    1.272328] e1000 0000:00:03.0 eth0: Intel(R) PRO/1000 Network Connection
[    1.273980] mptbase: ioc0: Initiating bringup
[    1.275061] e1000 0000:00:03.0 enp0s3: renamed from eth0
[    1.554590] ioc0: LSI53C1030 A0: Capabilities={Initiator}
[    2.735842] scsi host2: ioc0: LSI53C1030 A0, FwRev=00000000h, Ports=1, MaxQ=256, IRQ=20
[    3.513858] scsi 2:0:0:0: Direct-Access     VBOX     HARDDISK         1.0  PQ: 0 ANSI: 5
[    3.515130] scsi target2:0:0: Beginning Domain Validation
[    3.518067] scsi target2:0:0: Domain Validation skipping write tests
[    3.519039] scsi target2:0:0: Ending Domain Validation
[    3.519978] scsi target2:0:0: asynchronous
[    3.521557] scsi 2:0:1:0: Direct-Access     VBOX     HARDDISK         1.0  PQ: 0 ANSI: 5
[    3.522916] scsi target2:0:1: Beginning Domain Validation
[    3.525268] scsi target2:0:1: Domain Validation skipping write tests
[    3.526166] scsi target2:0:1: Ending Domain Validation
[    3.526964] scsi target2:0:1: asynchronous
[    3.533576] sd 2:0:0:0: [sda] 20971520 512-byte logical blocks: (10.7 GB/10.0 GiB)
[    3.533718] sd 2:0:0:0: Attached scsi generic sg0 type 0
[    3.543038] sd 2:0:0:0: [sda] Write Protect is off
[    3.543176] sd 2:0:1:0: Attached scsi generic sg1 type 0
[    3.544133] sd 2:0:1:0: [sdb] 20480 512-byte logical blocks: (10.5 MB/10.0 MiB)
[    3.544590] sd 2:0:1:0: [sdb] Write Protect is off
[    3.544893] sd 2:0:1:0: [sdb] Incomplete mode parameter data
[    3.544894] sd 2:0:1:0: [sdb] Assuming drive cache: write through
[    3.550141] sd 2:0:0:0: [sda] Incomplete mode parameter data
[    3.551033] sd 2:0:0:0: [sda] Assuming drive cache: write through
[    3.554528]  sda: sda1
[    3.555890] sd 2:0:0:0: [sda] Attached SCSI disk
[    3.555959] sd 2:0:1:0: [sdb] Attached SCSI disk
Begin: Loading essential drivers ... [    4.789133] md: linear personality registered for level -1
[    4.791764] md: multipath personality registered for level -4
[    4.794264] md: raid0 personality registered for level 0
[    4.797320] md: raid1 personality registered for level 1
[    4.867953] raid6: sse2x1   gen() 12478 MB/s
[    4.935333] raid6: sse2x1   xor()  8463 MB/s
[    5.003618] raid6: sse2x2   gen() 15671 MB/s
[    5.071270] raid6: sse2x2   xor()  9895 MB/s
[    5.139609] raid6: sse2x4   gen() 19794 MB/s
[    5.207928] raid6: sse2x4   xor() 12327 MB/s
[    5.275367] raid6: avx2x1   gen() 24810 MB/s
[    5.343666] raid6: avx2x2   gen() 32265 MB/s
[    5.411986] raid6: avx2x4   gen() 34871 MB/s
[    5.412753] raid6: using algorithm avx2x4 gen() 34871 MB/s
[    5.413543] raid6: using avx2x2 recovery algorithm
[    5.415498] xor: automatically using best checksumming function:
[    5.455480]    avx       : 29632.000 MB/sec
[    5.457236] async_tx: api initialized (async)
[    5.465257] md: raid6 personality registered for level 6
[    5.466178] md: raid5 personality registered for level 5
[    5.466975] md: raid4 personality registered for level 4
[    5.472917] md: raid10 personality registered for level 10
done.
Begin: Running /scripts/init-premount ... done.
Begin: Mounting root file system ... Begin: Running /scripts/local-top ... done.
Begin: Running /scripts/local-premount ... [    5.494775] Btrfs loaded
Scanning for Btrfs filesystems
done.
Warning: fsck not present, so skipping root file system
[    5.527645] EXT4-fs (sda1): mounted filesystem with ordered data mode. Opts: (null)
done.
Begin: Running /scripts/local-bottom ... done.
Begin: Running /scripts/init-bottom ... done.
[    5.602951] systemd[1]: systemd 229 running in system mode. (+PAM +AUDIT +SELINUX +IMA +APPARMOR +SMACK +SYSVINIT +UTMP +LIBCRYPTSETUP +GCRYPT +GNUTLS +ACL +XZ -LZ4 +SECCOMP +BLKID +ELFUTILS +KMOD -IDN)
[    5.605688] systemd[1]: Detected virtualization oracle.
[    5.606528] systemd[1]: Detected architecture x86-64.

Welcome to [1mUbuntu 16.04.6 LTS[0m!

[    5.616087] systemd[1]: Set hostname to <ubuntu>.
[    5.618630] systemd[1]: Initializing machine ID from random generator.
[    5.619530] systemd[1]: Installed transient /etc/machine-id file.
[    5.719605] systemd[1]: Reached target Swap.
[[0;32m  OK  [0m] Reached target Swap.
[    5.727539] systemd[1]: Listening on udev Kernel Socket.
[[0;32m  OK  [0m] Listening on udev Kernel Socket.
[    5.735877] systemd[1]: Started Trigger resolvconf update for networkd DNS.
[[0;32m  OK  [0m] Started Trigger resolvconf update for networkd DNS.
[    5.737726] systemd[1]: Created slice System Slice.
[[0;32m  OK  [0m] Created slice System Slice.
[    5.738943] systemd[1]: Started Forward Password Requests to Wall Directory Watch.
[[0;32m  OK  [0m] Started Forward Password Requests to Wall Directory Watch.
[    5.747550] systemd[1]: Listening on Syslog Socket.
[[0;32m  OK  [0m] Listening on Syslog Socket.
[    5.748796] systemd[1]: Listening on Journal Socket.
[[0;32m  OK  [0m] Listening on Journal Socket.
[    5.767775] systemd[1]: Starting Load Kernel Modules...
         Starting Load Kernel Modules...
[    5.770032] systemd[1]: Starting Nameserver information manager...
         Starting Nameserver information manager...
[    5.777108] Loading iSCSI transport class v2.0-870.
[    5.779890] systemd[1]: Created slice system-serial\x2dgetty.slice.
[[0;32m  OK  [0m] Created slice system-serial\x2dgetty.slice.
[    5.783253] iscsi: registered transport (tcp)
[    5.787928] systemd[1]: Listening on udev Control Socket.
[[0;32m  OK  [0m] Listening on udev Control Socket.
[    5.796261] systemd[1]: Starting Uncomplicated firewall...
         Starting Uncomplicated firewall...
[    5.803788] systemd[1]: Starting Remount Root and Kernel File Systems...
         Starting Remount Root and Kernel File Systems...
[    5.808549] EXT4-fs (sda1): re-mounted. Opts: (null)
[    5.810230] iscsi: registered transport (iser)
[    5.811430] systemd[1]: Listening on Journal Socket (/dev/log).
[[0;32m  OK  [0m] Listening on Journal Socket (/dev/log).
[    5.819703] systemd[1]: Reached target User and Group Name Lookups.
[[0;32m  OK  [0m] Reached target User and Group Name Lookups.
[    5.821334] systemd[1]: Created slice User and Session Slice.
[[0;32m  OK  [0m] Created slice User and Session Slice.
[    5.827824] systemd[1]: Reached target Slices.
[[0;32m  OK  [0m] Reached target Slices.
[    5.839694] systemd[1]: Starting Set console keymap...
         Starting Set console keymap...
[    5.841575] systemd[1]: Listening on Journal Audit Socket.
[[0;32m  OK  [0m] Listening on Journal Audit Socket.
[    5.848194] systemd[1]: Starting Journal Service...
         Starting Journal Service...
[    5.855842] systemd[1]: Listening on Device-mapper event daemon FIFOs.
[[0;32m  OK  [0m] Listening on Device-mapper event daemon FIFOs.
[    5.864038] systemd[1]: Set up automount Arbitrary Executable File Formats File System Automount Point.
[[0;32m  OK  [0m] Set up automount Arbitrary Executab...ats File System Automount Point.
[    5.883970] systemd[1]: Mounting Huge Pages File System...
         Mounting Huge Pages File System...
[    5.892026] systemd[1]: Mounting POSIX Message Queue File System...
         Mounting POSIX Message Queue File System...
[    5.902603] systemd[1]: Listening on /dev/initctl Compatibility Named Pipe.
[[0;32m  OK  [0m] Listening on /dev/initctl Compatibility Named Pipe.
[    5.904686] systemd[1]: Starting Create list of required static device nodes for the current kernel...
         Starting Create list of required st... nodes for the current kernel...
[    5.907454] systemd[1]: Reached target System Time Synchronized.
[[0;32m  OK  [0m] Reached target System Time Synchronized.
[    5.910036] systemd[1]: Listening on LVM2 metadata daemon socket.
[[0;32m  OK  [0m] Listening on LVM2 metadata daemon socket.
[    5.932434] systemd[1]: Starting Monitoring of LVM2 mirrors, snapshots etc. using dmeventd or progress polling...
         Starting Monitoring of LVM2 mirrors... dmeventd or progress polling...
[    5.945720] systemd[1]: Mounting Debug File System...
         Mounting Debug File System...
[    5.947062] systemd[1]: Reached target Encrypted Volumes.
[[0;32m  OK  [0m] Reached target Encrypted Volumes.
[    5.948874] systemd[1]: Listening on LVM2 poll daemon socket.
[[0;32m  OK  [0m] Listening on LVM2 poll daemon socket.
[    5.957259] systemd[1]: Mounted POSIX Message Queue File System.
[[0;32m  OK  [0m] Mounted POSIX Message Queue File System.
[    5.964143] systemd[1]: Mounted Debug File System.
[[0;32m  OK  [0m] Mounted Debug File System.
[    5.971722] systemd[1]: Mounted Huge Pages File System.
[[0;32m  OK  [0m] Mounted Huge Pages File System.
[    5.979644] systemd[1]: Started Journal Service.
[[0;32m  OK  [0m] Started Journal Service.
[[0;32m  OK  [0m] Started Load Kernel Modules.
[[0;32m  OK  [0m] Started Uncomplicated firewall.
[[0;32m  OK  [0m] Started Remount Root and Kernel File Systems.
[[0;32m  OK  [0m] Started Set console keymap.
[[0;32m  OK  [0m] Started Create list of required sta...ce nodes for the current kernel.
[[0;32m  OK  [0m] Started Nameserver information manager.
[[0;32m  OK  [0m] Started LVM2 metadata daemon.
         Starting Create Static Device Nodes in /dev...
         Starting udev Coldplug all Devices...
         Starting Load/Save Random Seed...
         Starting Apply Kernel Variables...
         Mounting FUSE Control File System...
         Starting Flush Journal to Persistent Storage...
[[0;32m  OK  [0m] Mounted FUSE Control File System.
[[0;32m  OK  [0m] Started Load/Save Random Seed.
[    6.075543] systemd-journald[394]: Received request to flush runtime journal from PID 1
[[0;32m  OK  [0m] Started Apply Kernel Variables.
[[0;32m  OK  [0m] Started Flush Journal to Persistent Storage.
[[0;32m  OK  [0m] Started Create Static Device Nodes in /dev.
         Starting udev Kernel Device Manager...
[[0;32m  OK  [0m] Started udev Coldplug all Devices.
[[0;32m  OK  [0m] Started udev Kernel Device Manager.
[[0;32m  OK  [0m] Started Dispatch Password Requests to Console Directory Watch.
[[0;32m  OK  [0m] Found device /dev/ttyS0.
[[0;32m  OK  [0m] Listening on Load/Save RF Kill Switch Status /dev/rfkill Watch.
[[0;32m  OK  [0m] Started Monitoring of LVM2 mirrors,...ng dmeventd or progress polling.
[[0;32m  OK  [0m] Reached target Local File Systems (Pre).
[[0;32m  OK  [0m] Reached target Local File Systems.
         Starting Create Volatile Files and Directories...
         Starting Commit a transient machine-id on disk...
         Starting Set console font and keymap...
         Starting Tell Plymouth To Write Out Runtime Data...
         Starting LSB: AppArmor initialization...
         Starting Initial cloud-init job (pre-networking)...
[[0;32m  OK  [0m] Started Create Volatile Files and Directories.
[[0;32m  OK  [0m] Started Commit a transient machine-id on disk.
         Starting Update UTMP about System Boot/Shutdown...
[[0;32m  OK  [0m] Started Tell Plymouth To Write Out Runtime Data.
[[0;32m  OK  [0m] Started Update UTMP about System Boot/Shutdown.
[[0;32m  OK  [0m] Started Set console font and keymap.
[[0;32m  OK  [0m] Created slice system-getty.slice.
[    7.334497] cloud-init[621]: Cloud-init v. 19.2-36-g059d049c-0ubuntu2~16.04.1 running 'init-local' at Tue, 21 Jan 2020 09:39:31 +0000. Up 7.07 seconds.
[[0;32m  OK  [0m] Started Initial cloud-init job (pre-networking).
[[0;32m  OK  [0m] Reached target Network (Pre).
[[0;32m  OK  [0m] Started LSB: AppArmor initialization.
         Starting Raise network interfaces...
[[0;32m  OK  [0m] Started Raise network interfaces.
         Starting Initial cloud-init job (metadata service crawler)...
[[0;32m  OK  [0m] Reached target Network.
[    8.215522] cloud-init[952]: Cloud-init v. 19.2-36-g059d049c-0ubuntu2~16.04.1 running 'init' at Tue, 21 Jan 2020 09:39:32 +0000. Up 7.71 seconds.
[    8.217049] cloud-init[952]: ci-info: ++++++++++++++++++++++++++++++++++++++Net device info++++++++++++++++++++++++++++++++++++++
[    8.218146] cloud-init[952]: ci-info: +--------+------+----------------------------+---------------+--------+-------------------+
[    8.224761] cloud-init[952]: ci-info: | Device |  Up  |          Address           |      Mask     | Scope  |     Hw-Address    |
[    8.225985] cloud-init[952]: ci-info: +--------+------+----------------------------+---------------+--------+-------------------+
[    8.232563] cloud-init[952]: ci-info: | enp0s3 | True |         10.0.2.15          | 255.255.255.0 | global | 02:dd:45:a7:5d:a0 |
[    8.241489] cloud-init[952]: ci-info: | enp0s3 | True | fe80::dd:45ff:fea7:5da0/64 |       .       |  link  | 02:dd:45:a7:5d:a0 |
[[0;32m  OK  [0m] Started Initial cloud-init job (metadata service crawler).
[[0;32m  OK  [0m] Reached target Network is Online.
[    8.254384] cloud-init[952]: ci-info: |   lo   | True |         127.0.0.1          |   255.0.0.0   |  host  |         .         |
[    8.257459] cloud-init[952]: ci-info: |   lo   | True |          ::1/128           |       .       |  host  |         .         |
         Starting iSCSI initiator daemon (iscsid)...
[[0;32m  OK  [0m] Reached target System Initialization.
         Starting Socket activation for snappy daemon.
[[0;32m  OK  [0m] Started Daily Cleanup of Temporary Directories.
[    8.265375] cloud-init[952]: ci-info: +--------+------+----------------------------+---------------+--------+-------------------+
[[0;32m  OK  [0m] Listening on UUID daemon activation socket.
[[0;32m  OK  [0m] Started Daily apt download activities.
[    8.280974] cloud-init[952]: ci-info: +++++++++++++++++++++++++++Route IPv4 info++++++++++++++++++++++++++++
[    8.290467]          Starting LXD - unix socket.
[[0;32m  OK  [0m] Started Daily apt upgrade and clean activities.
[[0;32m  OK  [0m] Started Message of the Day.
[[0;32m  OK  [0m] Reached target Timers.
cloud-init[952]: ci-info: +-------+-------------+----------+---------------+-----------+-------+
[    8.292706] [[0;32m  OK  [0m] Started ACPI Events Check.
[[0;32m  OK  [0m] Reached target Paths.
[[0;32m  OK  [0m] Listening on ACPID Listen Socket.
[[0;32m  OK  [0m] Listening on D-Bus System Message Bus Socket.
[[0;32m  OK  [0m] Reached target Cloud-config availability.
[[0;32m  OK  [0m] Listening on Socket activation for snappy daemon.
[[0;32m  OK  [0m] Listening on LXD - unix socket.
[[0;32m  OK  [0m] Reached target Sockets.
[[0;32m  OK  [0m] Reached target Basic System.
cloud-init[[0;32m  OK  [0m] Started ACPI event daemon.
         Starting LSB: MD monitoring daemon...
         Starting Accounts Service...
         Starting /etc/rc.local Compatibility...
         Starting LSB: Record successful boot for GRUB...
[[0;32m  OK  [0m] Started FUSE filesystem for LXC.
         Starting Login Service...
[[0;32m  OK  [0m] Started D-Bus System Message Bus.
[952]: ci-info: | Route | Destination | Gateway  |    Genmask    | Interface | Flags |
[    8.307675] cloud-init[952]: ci-info: +-------+-------------+----------+---------------+-----------+-------+
[    8.309112] cloud-init[952]: ci-info: |   0   |   0.0.0.0   | 10.0.2.2 |    0.0.0.0    |   enp0s3  |   UG  |
[    8.311681] cloud-init[952]: ci-info: |   1   |   10.0.2.0  | 0.0.0.0  | 255.255.255.0 |   enp0s3  |   U   |
[    8.313427] cloud-init[952]: ci-info: +-------+-------------+----------+---------------+-----------+-------+
[    8.321202] cloud-init[952]: ci-info: +++++++++++++++++++Route IPv6 info+++++++++++++++++++
[    8.328353] cloud-init[952]: ci-info: +-------+-------------+---------+-----------+-------+
[    8.329509] cloud-init[952]: ci-info: | Route | Destination | Gateway | Interface | Flags |
[    8.330778] cloud-init[952]: ci-info: +-------+-------------+---------+-----------+-------+
[    8.331965] cloud-init[952]: ci-info: |   0   |  fe80::/64  |    ::   |   enp0s3  |   U   |
[    8.333189] cloud-init[952]: ci-info: |   3   |   ff00::/8  |    ::   |   enp0s3  |   U   |
[    8.334366] cloud-init[952]: ci-info: +-------+-------------+---------+-----------+-------+
[    8.335937] cloud-init[952]: Generating public/private rsa key pair.
[    8.336956] cloud-init[952]: Your identification has been saved in /etc/ssh/ssh_host_rsa_key.
[    8.338187] cloud-init[952]: Your public key has been saved in /etc/ssh/ssh_host_rsa_key.pub.
[    8.339427] cloud-init[952]: The key fingerprint is:
[    8.340271] cloud-init[952]: SHA256:3HmzQeRPwu8UXI8WGo0p8M4eo2z77edLPfspKWDQvhg root@ubuntu-xenial
[    8.341453] cloud-init[952]: The key's randomart image is:
[    8.342507] cloud-init[952]: +---[RSA 2048]----+
[    8.343343] cloud-init[952]: |        ..  o+. .|
[    8.345295] cloud-init[952]: |         ..+o+.+.|
[    8.346126] cloud-init[952]: |        . ..* * .|
[    8.346893] cloud-init[952]: |       o = o * . |
[    8.352981] cloud-init[952]: |        S B + +  |
[    8.364550]          Starting System Logging Service...
cloud-init[952]: |       E * + * . |
         Starting LXD - container startup/shutdown...
[    8.366675] cloud-init         Starting Virtualbox guest utils...
[[0;32m  OK  [0m] Started Deferred execution scheduler.
         Starting Snappy daemon...
[952]:          Starting Pollinate to seed the pseudo random number generator...
[[0;32m  OK  [0m] Started Regular background program processing daemon.
|        B + . +..|[[0;32m  OK  [0m] Started iSCSI initiator daemon (iscsid).
[[0;32m  OK  [0m] Started /etc/rc.local Compatibility.

[    8.374599] cloud-init[952]: |       o o o +. +|
[    8.376970] cloud-init[952]: |        ....+o++o|
[    8.377682] cloud-init[952]: +----[SHA256]-----+
[    8.378720] cloud-init[952]: Generating public/private dsa key pair.
[    8.379606] cloud-init[952]: Your identification has been saved in /etc/ssh/ssh_host_dsa_key.
         Starting Authenticate and Authorize Users to Run Privileged Tasks...
         Starting Login to default iSCSI targets...
[[0;32m  OK  [0m] Started Login Service.
[[0;32m  OK  [0m] Started Unattended Upgrades Shutdown.
[    8.390939] cloud-init[952]: Your public key has been saved in /etc/ssh/ssh_host_dsa_key.pub.
[    8.399586] cloud-init[952]: The key fingerprint is:
[    8.402478] cloud-init[952]: SHA256:enBryRVHeS66AbzeVW9scFoWnAB/MnoDNj+hEefKrlg root@ubuntu-xenial
[    8.404497] cloud-init[952]: The key's randomart image is:
[    8.405581] cloud-init[952]: +---[DSA 1024]----+
[    8.406636] cloud-init[952]: |           oo+o .|
[    8.409077] [[0;32m  OK  [0m] Started LSB: Record successful boot for GRUB.
cloud-init[952]: |           .* .+ |
[    8.411315] cloud-init[952]: |       .  .=.O ..|
[    8.413918] cloud-init[952]: |        o ooX O +|
[    8.418666] cloud-init[952]: |      . So.* B O |
[    8.428681] cloud-init[952]: |       =.++ o + =|
[    8.429425] cloud-init[952]: |      ..*E =   o |
[    8.430693] cloud-init[952]: |       o+ +      |
[[0;32m  OK  [0m] Started LSB: MD monitoring daemon.
[    8.435996] cloud-init[952]: |       . .       |
[    8.438430] cloud-init[952]: +----[SHA256]-----+
[    8.439494] cloud-init[952]: Generating public/private ecdsa key pair.
[    8.443559] cloud-init[952]: Your identification has been saved in /etc/ssh/ssh_host_ecdsa_key.
[    8.445409] cloud-init[952]: Your public key has been saved in /etc/ssh/ssh_host_ecdsa_key.pub.
[    8.450700] cloud-init[952]: The key fingerprint is:
[[0;32m  OK  [0m] Started Authenticate and Authorize Users to Run Privileged Tasks.
[[0;32m  OK  [0m] Started Login to default iSCSI targets.
[[0;32m  OK  [0m] Started System Logging Service.
[[0;32m  OK  [0m] Started Accounts Service.
[[0;32m  OK  [0m] Reached target Remote File Systems (Pre).
[[0;32m  OK  [0m] Reached target Remote File Systems.
[    8.454011] cloud-init[952]: SHA256:ZtEm5unYkqHEyoU0GWuMfjjoz8S7r7oNQaRzw1huPSA root@ubuntu-xenial
[    8.476662] cloud-init[952]: The key's randomart image is:
[    8.477796] cloud-init[952]: +---[ECDSA 256]---+
[    8.483428] cloud-init[952]: |E.+              |
[    8.484191] cloud-init[952]: |oO *     .       |
[    8.484913] cloud-init[952]: |=.& o   + o      |
[    8.485599] cloud-init[952]: |+*.= . o =       |
[    8.486307] cloud-init[952]: |.=..+ . S        |
[    8.487266] cloud-init[952]: |..=+ . O         |
         Starting LSB: automatic crash report generation...
         Starting Permit User Sessions...
         Starting LSB: Set the CPU Frequency Scaling governor to "ondemand"...
         Starting LSB: daemon to balance interrupts for SMP systems...
[[0;32m  OK  [0m] Started Permit User Sessions.
         Starting Terminate Plymouth Boot Screen...
         Starting Hold until boot process finishes up...
[    8.498938] cloud-init[952]: [[0;32m  OK  [0m] Started Hold until boot process finishes up.
[[0;32m  OK  [0m] Started Serial Getty on ttyS0.
[[0;32m  OK  [0m] Started Getty on tty1.
[[0;32m  OK  [0m] Reached target Login Prompts.
         Starting Set console scheme...
| ooo. + o        |
[    8.520340] [[0;32m  OK  [0m] Started Terminate Plymouth Boot Screen.
cloud-init[[0;32m  OK  [0m] Started Set console scheme.
[952]: |  * .  .         |
[    8.522651] cloud-init[952]: | ooB+.           |
[    8.524072] [[0;32m  OK  [0m] Started LSB: Set the CPU Frequency Scaling governor to "ondemand".
cloud-init[952]: +----[SHA256]-----+
[    8.538014] cloud-init[952]: Generating public/private ed25519 key pair.
[[0;32m  OK  [0m] Started LSB: automatic crash report generation.
[    8.540490] cloud-init[952]: Your identification has been saved in /etc/ssh/ssh_host_ed25519_key.
[    8.542508] cloud-init[952]: Your public key has been saved in /etc/ssh/ssh_host_ed25519_key.pub.
[    8.547377] [[0;32m  OK  [0m] Started LSB: daemon to balance interrupts for SMP systems.
cloud-init[952]: The key fingerprint is:
[    8.549184] cloud-init[952]: SHA256:Wy4w77iBM60P6+cW09TJ9CdQAYogYTauojX+fz5HNbQ root@ubuntu-xenial
[    8.550510] cloud-init[952]: The key's randomart image is:
[    8.552768] cloud-init[952]: +--[ED25519 256]--+
[    8.554272] cloud-init[952]: |  *..     .oo.   |[[0;32m  OK  [0m] Started Virtualbox guest utils.

[    8.568774] cloud-init[952]: | + o . . .o .    |
[    8.570835] cloud-init[952]: |  .   . .+ = .   |
[    8.578702] cloud-init[952]: | .      . + E .  |
[    8.579577] cloud-init[952]: |o o   ooS .. +   |
[    8.580560] cloud-init[952]: |oo . oo+.+.      |
[    8.581439] cloud-init[952]: |. . = oo+..      |
[    8.582313] cloud-init[952]: |   . *o+o..      |
[    8.586684] cloud-init[952]: |   .=**+oo       |
[    8.587876] cloud-init[952]: +----[SHA256]-----+
[[0;32m  OK  [0m] Started LXD - container startup/shutdown.
[[0;32m  OK  [0m] Started Snappy daemon.
         Starting Wait until snapd is fully seeded...
[[0;32m  OK  [0m] Started Pollinate to seed the pseudo random number generator.
         Starting OpenBSD Secure Shell server...
[[0;32m  OK  [0m] Started OpenBSD Secure Shell server.
[[0;32m  OK  [0m] Started Wait until snapd is fully seeded.
[[0;32m  OK  [0m] Reached target Multi-User System.
[[0;32m  OK  [0m] Reached target Graphical Interface.
         Starting Update UTMP about System Runlevel Changes...
         Starting Apply the settings specified in cloud-config...
[[0;32m  OK  [0m] Started Update UTMP about System Runlevel Changes.
[   10.080616] cloud-init[1305]: Generating locales (this might take a while)...
[   10.635767] cloud-init[1305]:   en_US.UTF-8... done
[   10.636646] cloud-init[1305]: Generation complete.
[   10.831732] cloud-init[1305]: Cloud-init v. 19.2-36-g059d049c-0ubuntu2~16.04.1 running 'modules:config' at Tue, 21 Jan 2020 09:39:34 +0000. Up 10.00 seconds.
[[0;32m  OK  [0m] Started Apply the settings specified in cloud-config.
         Starting Execute cloud user/final scripts...
ci-info: no authorized ssh keys fingerprints found for user ubuntu.
<14>Jan 21 09:39:35 ec2: 
<14>Jan 21 09:39:35 ec2: #############################################################
<14>Jan 21 09:39:35 ec2: -----BEGIN SSH HOST KEY FINGERPRINTS-----
<14>Jan 21 09:39:35 ec2: 1024 SHA256:enBryRVHeS66AbzeVW9scFoWnAB/MnoDNj+hEefKrlg root@ubuntu-xenial (DSA)
<14>Jan 21 09:39:35 ec2: 256 SHA256:ZtEm5unYkqHEyoU0GWuMfjjoz8S7r7oNQaRzw1huPSA root@ubuntu-xenial (ECDSA)
<14>Jan 21 09:39:35 ec2: 256 SHA256:Wy4w77iBM60P6+cW09TJ9CdQAYogYTauojX+fz5HNbQ root@ubuntu-xenial (ED25519)
<14>Jan 21 09:39:35 ec2: 2048 SHA256:3HmzQeRPwu8UXI8WGo0p8M4eo2z77edLPfspKWDQvhg root@ubuntu-xenial (RSA)
<14>Jan 21 09:39:35 ec2: -----END SSH HOST KEY FINGERPRINTS-----
<14>Jan 21 09:39:35 ec2: #############################################################
-----BEGIN SSH HOST KEY KEYS-----
ecdsa-sha2-nistp256 AAAAE2VjZHNhLXNoYTItbmlzdHAyNTYAAAAIbmlzdHAyNTYAAABBBDe2ykEflZBV2jv+yZ0V72oEmuF3OcRI7m7X3A8ErijxMmn1ZN4Pw5P+e9Sp/Oy5O3phcKPb1j8LZBKebOrtELY= root@ubuntu-xenial
ssh-ed25519 AAAAC3NzaC1lZDI1NTE5AAAAIB8jQBprcXm1k7AIz3GXzh0G+f6fP/NadEKK1giPFzOx root@ubuntu-xenial
ssh-rsa AAAAB3NzaC1yc2EAAAADAQABAAABAQCtcAThv77t/vrTIkmNpeWH0WRccAwEan7kgotbLlMJIQvav0NNBNgv+mVNGlubeOLr6iLIYzamGKDQ6Kz0Sx5bsTBRYXn6bFOFbg3N+wKJDKY/syEGg68HygXC9iRvkzn+E1nDOF9HnrIHg56ZLSNoOuLNEJdlpUff93dECPKBodFVfUP3G0UAqwlo1LtZEyni03/Cv5NGI/vsIm1wTOMvxbvAoZefLrDBijIlZS71aJwHYs73RH9dGyUzmhkffw4FnPvvm5+W+PtppKOzlxemTPZWKlP8K6hWHY+W2VHaTmyrzdYEOQtt3x0RHj34NyORngVWPyZQ2PRjeJ2eMGDz root@ubuntu-xenial
-----END SSH HOST KEY KEYS-----
[   11.127160] cloud-init[1344]: Cloud-init v. 19.2-36-g059d049c-0ubuntu2~16.04.1 running 'modules:final' at Tue, 21 Jan 2020 09:39:35 +0000. Up 11.03 seconds.
[   11.128877] cloud-init[1344]: ci-info: no authorized ssh keys fingerprints found for user ubuntu.
[   11.136680] cloud-init[1344]: Cloud-init v. 19.2-36-g059d049c-0ubuntu2~16.04.1 finished at Tue, 21 Jan 2020 09:39:36 +0000. Datasource DataSourceNoCloud [seed=/dev/sdb][dsmode=net].  Up 11.12 seconds
[[0;32m  OK  [0m] Started Execute cloud user/final scripts.
[[0;32m  OK  [0m] Reached target Cloud-init target.

Ubuntu 16.04.6 LTS ubuntu-xenial ttyS0

ubuntu-xenial login: 